[debug] [2020-09-11T22:06:53.658Z] ----------------------------------------------------------------------
[debug] [2020-09-11T22:06:53.673Z] Command:       C:\Program Files\nodejs\node.exe C:\Users\User\AppData\Roaming\npm\node_modules\firebase-tools\lib\bin\firebase.js serve
[debug] [2020-09-11T22:06:53.675Z] CLI Version:   8.10.0
[debug] [2020-09-11T22:06:53.675Z] Platform:      win32
[debug] [2020-09-11T22:06:53.676Z] Node Version:  v12.16.2
[debug] [2020-09-11T22:06:53.996Z] Time:          Fri Sep 11 2020 15:06:53 GMT-0700 (Pacific Daylight Time)
[debug] [2020-09-11T22:06:53.998Z] ----------------------------------------------------------------------
[debug] [2020-09-11T22:06:53.999Z] 
[debug] [2020-09-11T22:06:54.147Z] > command requires scopes: ["email","openid","https://www.googleapis.com/auth/cloudplatformprojects.readonly","https://www.googleapis.com/auth/firebase","https://www.googleapis.com/auth/cloud-platform"]
[debug] [2020-09-11T22:06:54.151Z] > authorizing via signed-in user
[debug] [2020-09-11T22:06:54.153Z] [iam] checking project my-awesomeweather-website for permissions ["firebase.projects.get"]
[debug] [2020-09-11T22:06:54.280Z] >>> HTTP REQUEST POST https://cloudresourcemanager.googleapis.com/v1/projects/my-awesomeweather-website:testIamPermissions  
 {"permissions":["firebase.projects.get"]}
[debug] [2020-09-11T22:07:06.901Z] [iam] error while checking permissions, command may fail: FirebaseError: Server Error. getaddrinfo ENOTFOUND cloudresourcemanager.googleapis.com
[debug] [2020-09-11T22:07:06.905Z] >>> HTTP REQUEST GET https://firebase.googleapis.com/v1beta1/projects/my-awesomeweather-website  
 
[debug] [2020-09-11T22:07:09.424Z] <<< HTTP RESPONSE 200 {"content-type":"application/json; charset=UTF-8","vary":"X-Origin, Referer, Origin,Accept-Encoding","date":"Fri, 11 Sep 2020 14:05:39 GMT","server":"ESF","cache-control":"private","x-xss-protection":"0","x-frame-options":"SAMEORIGIN","x-content-type-options":"nosniff","alt-svc":"h3-29=\":443\"; ma=2592000,h3-27=\":443\"; ma=2592000,h3-T051=\":443\"; ma=2592000,h3-T050=\":443\"; ma=2592000,h3-Q050=\":443\"; ma=2592000,h3-Q046=\":443\"; ma=2592000,h3-Q043=\":443\"; ma=2592000,quic=\":443\"; ma=2592000; v=\"46,43\"","accept-ranges":"none","transfer-encoding":"chunked"}
[info] 
[info] === Serving from 'C:\Users\User\Pictures\Documents\dsc\Smush it'...
[info] 
[debug] [2020-09-11T22:07:09.455Z] >>> HTTP REQUEST GET https://firebase.googleapis.com/v1beta1/projects/my-awesomeweather-website/webApps/-/config  
 
[debug] [2020-09-11T22:07:13.973Z] <<< HTTP RESPONSE 200 {"content-type":"application/json; charset=UTF-8","vary":"X-Origin, Referer, Origin,Accept-Encoding","date":"Fri, 11 Sep 2020 14:05:44 GMT","server":"ESF","cache-control":"private","x-xss-protection":"0","x-frame-options":"SAMEORIGIN","x-content-type-options":"nosniff","alt-svc":"h3-29=\":443\"; ma=2592000,h3-27=\":443\"; ma=2592000,h3-T051=\":443\"; ma=2592000,h3-T050=\":443\"; ma=2592000,h3-Q050=\":443\"; ma=2592000,h3-Q046=\":443\"; ma=2592000,h3-Q043=\":443\"; ma=2592000,quic=\":443\"; ma=2592000; v=\"46,43\"","accept-ranges":"none","transfer-encoding":"chunked"}
[info] i  hosting: Serving hosting files from: public {"metadata":{"emulator":{"name":"hosting"},"message":"Serving hosting files from: \u001b[1mpublic\u001b[22m"}}
[info] +  hosting: Local server: http://localhost:5000 {"metadata":{"emulator":{"name":"hosting"},"message":"Local server: \u001b[4m\u001b[1mhttp://localhost:5000\u001b[22m\u001b[24m"}}
